[2016-11-16 16:46:13 +0800] [39711] [INFO] Starting gunicorn 19.6.0
[2016-11-16 16:46:13 +0800] [39711] [INFO] Listening at: http://127.0.0.1:5000 (39711)
[2016-11-16 16:46:13 +0800] [39711] [INFO] Using worker: sync
[2016-11-16 16:46:13 +0800] [39714] [INFO] Booting worker with pid: 39714
[2016-11-16 16:46:13 +0800] [39715] [INFO] Booting worker with pid: 39715
[2016-11-16 16:46:13 +0800] [39716] [INFO] Booting worker with pid: 39716
[2016-11-16 16:46:13 +0800] [39717] [INFO] Booting worker with pid: 39717
[2016-11-16 16:59:00 +0800] [39711] [INFO] Handling signal: term
[2016-11-16 16:59:00 +0800] [39714] [INFO] Worker exiting (pid: 39714)
[2016-11-16 16:59:00 +0800] [39715] [INFO] Worker exiting (pid: 39715)
[2016-11-16 16:59:00 +0800] [39717] [INFO] Worker exiting (pid: 39717)
[2016-11-16 16:59:00 +0800] [39716] [INFO] Worker exiting (pid: 39716)
[2016-11-16 16:59:00 +0800] [39711] [INFO] Shutting down: Master
[2016-11-16 16:59:33 +0800] [39992] [INFO] Starting gunicorn 19.6.0
[2016-11-16 16:59:33 +0800] [39992] [INFO] Listening at: http://127.0.0.1:5000 (39992)
[2016-11-16 16:59:33 +0800] [39992] [INFO] Using worker: sync
[2016-11-16 16:59:33 +0800] [39995] [INFO] Booting worker with pid: 39995
[2016-11-16 16:59:33 +0800] [39996] [INFO] Booting worker with pid: 39996
[2016-11-16 16:59:33 +0800] [39997] [INFO] Booting worker with pid: 39997
[2016-11-16 16:59:34 +0800] [39998] [INFO] Booting worker with pid: 39998
[2016-11-16 17:04:19 +0800] [39992] [INFO] Handling signal: term
[2016-11-16 17:04:19 +0800] [39995] [INFO] Worker exiting (pid: 39995)
[2016-11-16 17:04:19 +0800] [39996] [INFO] Worker exiting (pid: 39996)
[2016-11-16 17:04:19 +0800] [39997] [INFO] Worker exiting (pid: 39997)
[2016-11-16 17:04:19 +0800] [39998] [INFO] Worker exiting (pid: 39998)
[2016-11-16 17:04:19 +0800] [39992] [INFO] Shutting down: Master
[2016-11-16 17:07:05 +0800] [40046] [INFO] Starting gunicorn 19.6.0
[2016-11-16 17:07:05 +0800] [40046] [INFO] Listening at: http://127.0.0.1:5000 (40046)
[2016-11-16 17:07:05 +0800] [40046] [INFO] Using worker: sync
[2016-11-16 17:07:05 +0800] [40049] [INFO] Booting worker with pid: 40049
[2016-11-16 17:07:05 +0800] [40050] [INFO] Booting worker with pid: 40050
[2016-11-16 17:07:05 +0800] [40051] [INFO] Booting worker with pid: 40051
[2016-11-16 17:07:05 +0800] [40052] [INFO] Booting worker with pid: 40052
[2016-11-16 17:09:43 +0800] [40046] [INFO] Handling signal: term
[2016-11-16 17:09:43 +0800] [40049] [INFO] Worker exiting (pid: 40049)
[2016-11-16 17:09:43 +0800] [40052] [INFO] Worker exiting (pid: 40052)
[2016-11-16 17:09:43 +0800] [40050] [INFO] Worker exiting (pid: 40050)
[2016-11-16 17:09:43 +0800] [40051] [INFO] Worker exiting (pid: 40051)
[2016-11-16 17:09:43 +0800] [40046] [INFO] Shutting down: Master
[2016-11-16 17:10:10 +0800] [40066] [INFO] Starting gunicorn 19.6.0
[2016-11-16 17:10:10 +0800] [40066] [INFO] Listening at: http://127.0.0.1:5000 (40066)
[2016-11-16 17:10:10 +0800] [40066] [INFO] Using worker: sync
[2016-11-16 17:10:10 +0800] [40069] [INFO] Booting worker with pid: 40069
[2016-11-16 17:10:10 +0800] [40070] [INFO] Booting worker with pid: 40070
[2016-11-16 17:10:10 +0800] [40071] [INFO] Booting worker with pid: 40071
[2016-11-16 17:10:10 +0800] [40072] [INFO] Booting worker with pid: 40072
